2024-12-10 14:25:18,694  INFO [main] TestBase:47 - Brower Name : chrome
2024-12-10 14:25:54,498  INFO [main] TestBase:37 -  homePageTitleTest Test Method Running .......
2024-12-10 14:26:09,865  INFO [main] TestBase:47 - Brower Name : chrome
2024-12-10 14:26:42,746  INFO [main] TestBase:72 -  msgTitleTest Test Method Running .......
2024-12-10 14:26:58,789  INFO [main] TestBase:47 - Brower Name : chrome
2024-12-10 14:27:36,276  INFO [main] TestBase:57 -  profileTitleTest Test Method Running .......
2024-12-10 14:27:47,205  INFO [main] TestBase:47 - Brower Name : chrome
2024-12-10 14:28:25,058  INFO [main] TestBase:47 -  reelsTitleTest Test Method Running .......
2024-12-10 14:28:36,555  INFO [main] TestBase:47 - Brower Name : chrome
2024-12-10 14:29:09,527  INFO [main] TestBase:63 -  searchTitleTest Test Method Running .......
2024-12-10 14:29:25,640  INFO [main] TestBase:47 - Brower Name : chrome
2024-12-10 14:30:14,502  INFO [main] TestBase:65 -  testChat Test Method Running .......
2024-12-10 14:30:25,977  INFO [main] TestBase:47 - Brower Name : chrome
2024-12-10 14:30:53,583  INFO [main] TestBase:46 -  testFirstMessage Test Method Running .......
2024-12-10 14:31:22,263  INFO [main] TestBase:47 - Brower Name : chrome
2024-12-10 14:32:18,720  INFO [main] TestBase:47 - Brower Name : chrome
2024-12-10 14:33:03,784  INFO [main] TestBase:56 -  testsendMessage Test Method Running .......
2024-12-10 14:33:15,210  INFO [main] TestBase:47 - Brower Name : chrome
2024-12-10 14:33:15,476  INFO [main] TestBase:35 -  testsendMessage Test Method Running .......
2024-12-10 14:33:22,240  INFO [main] TestBase:47 - Brower Name : chrome
2024-12-10 14:33:22,295  INFO [main] TestBase:43 -  instaLogoImageTest Test Method Running .......
2024-12-10 14:33:28,589  INFO [main] TestBase:47 - Brower Name : chrome
2024-12-10 14:33:28,598  INFO [main] TestBase:50 -  loginTest Test Method Running .......
2024-12-10 14:33:38,383  INFO [main] TestBase:47 - Brower Name : chrome
2024-12-10 14:33:41,576  INFO [main] TestBase:59 -  TestForgotPassword Test Method Running .......
2024-12-10 14:33:52,667  INFO [main] TestBase:47 - Brower Name : chrome
2024-12-10 14:33:52,975  INFO [main] TestBase:49 -  UserLogin Test Method Running .......
2024-12-10 14:34:04,096  INFO [main] TestBase:47 - Brower Name : chrome
2024-12-10 14:34:04,104  INFO [main] TestBase:37 -  UserLogin Test Method Running .......
2024-12-10 14:34:31,820 DEBUG [main] cache:45 - Couldn't find template in cache for "spark/spark.spa.ftl"("en_IN", UTF-8, parsed); will try to load it.
2024-12-10 14:34:31,820 DEBUG [main] cache:45 - TemplateLoader.findTemplateSource("spark/spark.spa_en_IN.ftl"): Not found
2024-12-10 14:34:31,820 DEBUG [main] cache:45 - TemplateLoader.findTemplateSource("spark/spark.spa_en.ftl"): Not found
2024-12-10 14:34:31,820 DEBUG [main] cache:45 - TemplateLoader.findTemplateSource("spark/spark.spa.ftl"): Found
2024-12-10 14:34:31,820 DEBUG [main] cache:45 - Loading template for "spark/spark.spa.ftl"("en_IN", UTF-8, parsed) from "jar:file:/C:/Users/DELL/.m2/repository/com/aventstack/extentreports/5.1.0/extentreports-5.1.0.jar!/com/aventstack/extentreports/templates/spark/spark.spa.ftl"
2024-12-10 14:34:32,042 DEBUG [main] cache:45 - Couldn't find template in cache for "commons/commons-variables.ftl"("en_IN", UTF-8, parsed); will try to load it.
2024-12-10 14:34:32,042 DEBUG [main] cache:45 - TemplateLoader.findTemplateSource("commons/commons-variables_en_IN.ftl"): Not found
2024-12-10 14:34:32,042 DEBUG [main] cache:45 - TemplateLoader.findTemplateSource("commons/commons-variables_en.ftl"): Not found
2024-12-10 14:34:32,042 DEBUG [main] cache:45 - TemplateLoader.findTemplateSource("commons/commons-variables.ftl"): Found
2024-12-10 14:34:32,042 DEBUG [main] cache:45 - Loading template for "commons/commons-variables.ftl"("en_IN", UTF-8, parsed) from "jar:file:/C:/Users/DELL/.m2/repository/com/aventstack/extentreports/5.1.0/extentreports-5.1.0.jar!/com/aventstack/extentreports/templates/commons/commons-variables.ftl"
2024-12-10 14:34:32,474 DEBUG [main] cache:45 - Couldn't find template in cache for "commons/commons-macros.ftl"("en_IN", UTF-8, parsed); will try to load it.
2024-12-10 14:34:32,490 DEBUG [main] cache:45 - TemplateLoader.findTemplateSource("commons/commons-macros_en_IN.ftl"): Not found
2024-12-10 14:34:32,490 DEBUG [main] cache:45 - TemplateLoader.findTemplateSource("commons/commons-macros_en.ftl"): Not found
2024-12-10 14:34:32,490 DEBUG [main] cache:45 - TemplateLoader.findTemplateSource("commons/commons-macros.ftl"): Found
2024-12-10 14:34:32,490 DEBUG [main] cache:45 - Loading template for "commons/commons-macros.ftl"("en_IN", UTF-8, parsed) from "jar:file:/C:/Users/DELL/.m2/repository/com/aventstack/extentreports/5.1.0/extentreports-5.1.0.jar!/com/aventstack/extentreports/templates/commons/commons-macros.ftl"
2024-12-10 14:34:32,506 DEBUG [main] cache:45 - Couldn't find template in cache for "spark/macros/attributes.ftl"("en_IN", UTF-8, parsed); will try to load it.
2024-12-10 14:34:32,522 DEBUG [main] cache:45 - TemplateLoader.findTemplateSource("spark/macros/attributes_en_IN.ftl"): Not found
2024-12-10 14:34:32,522 DEBUG [main] cache:45 - TemplateLoader.findTemplateSource("spark/macros/attributes_en.ftl"): Not found
2024-12-10 14:34:32,522 DEBUG [main] cache:45 - TemplateLoader.findTemplateSource("spark/macros/attributes.ftl"): Found
2024-12-10 14:34:32,522 DEBUG [main] cache:45 - Loading template for "spark/macros/attributes.ftl"("en_IN", UTF-8, parsed) from "jar:file:/C:/Users/DELL/.m2/repository/com/aventstack/extentreports/5.1.0/extentreports-5.1.0.jar!/com/aventstack/extentreports/templates/spark/macros/attributes.ftl"
2024-12-10 14:34:32,522 DEBUG [main] cache:45 - Couldn't find template in cache for "spark/macros/log.ftl"("en_IN", UTF-8, parsed); will try to load it.
2024-12-10 14:34:32,522 DEBUG [main] cache:45 - TemplateLoader.findTemplateSource("spark/macros/log_en_IN.ftl"): Not found
2024-12-10 14:34:32,522 DEBUG [main] cache:45 - TemplateLoader.findTemplateSource("spark/macros/log_en.ftl"): Not found
2024-12-10 14:34:32,522 DEBUG [main] cache:45 - TemplateLoader.findTemplateSource("spark/macros/log.ftl"): Found
2024-12-10 14:34:32,522 DEBUG [main] cache:45 - Loading template for "spark/macros/log.ftl"("en_IN", UTF-8, parsed) from "jar:file:/C:/Users/DELL/.m2/repository/com/aventstack/extentreports/5.1.0/extentreports-5.1.0.jar!/com/aventstack/extentreports/templates/spark/macros/log.ftl"
2024-12-10 14:34:32,538 DEBUG [main] cache:45 - Couldn't find template in cache for "spark/macros/recurse_nodes.ftl"("en_IN", UTF-8, parsed); will try to load it.
2024-12-10 14:34:32,542 DEBUG [main] cache:45 - TemplateLoader.findTemplateSource("spark/macros/recurse_nodes_en_IN.ftl"): Not found
2024-12-10 14:34:32,542 DEBUG [main] cache:45 - TemplateLoader.findTemplateSource("spark/macros/recurse_nodes_en.ftl"): Not found
2024-12-10 14:34:32,545 DEBUG [main] cache:45 - TemplateLoader.findTemplateSource("spark/macros/recurse_nodes.ftl"): Found
2024-12-10 14:34:32,545 DEBUG [main] cache:45 - Loading template for "spark/macros/recurse_nodes.ftl"("en_IN", UTF-8, parsed) from "jar:file:/C:/Users/DELL/.m2/repository/com/aventstack/extentreports/5.1.0/extentreports-5.1.0.jar!/com/aventstack/extentreports/templates/spark/macros/recurse_nodes.ftl"
2024-12-10 14:34:32,545 DEBUG [main] cache:45 - "spark/macros/log.ftl"("en_IN", UTF-8, parsed) cached copy not yet stale; using cached.
2024-12-10 14:34:32,545 DEBUG [main] cache:45 - Couldn't find template in cache for "spark/macros/attr-common.ftl"("en_IN", UTF-8, parsed); will try to load it.
2024-12-10 14:34:32,554 DEBUG [main] cache:45 - TemplateLoader.findTemplateSource("spark/macros/attr-common_en_IN.ftl"): Not found
2024-12-10 14:34:32,554 DEBUG [main] cache:45 - TemplateLoader.findTemplateSource("spark/macros/attr-common_en.ftl"): Not found
2024-12-10 14:34:32,586 DEBUG [main] cache:45 - TemplateLoader.findTemplateSource("spark/macros/attr-common.ftl"): Found
2024-12-10 14:34:32,586 DEBUG [main] cache:45 - Loading template for "spark/macros/attr-common.ftl"("en_IN", UTF-8, parsed) from "jar:file:/C:/Users/DELL/.m2/repository/com/aventstack/extentreports/5.1.0/extentreports-5.1.0.jar!/com/aventstack/extentreports/templates/spark/macros/attr-common.ftl"
2024-12-10 14:34:32,605 DEBUG [main] cache:45 - Couldn't find template in cache for "spark/partials/head.ftl"("en_IN", UTF-8, parsed); will try to load it.
2024-12-10 14:34:32,605 DEBUG [main] cache:45 - TemplateLoader.findTemplateSource("spark/partials/head_en_IN.ftl"): Not found
2024-12-10 14:34:32,605 DEBUG [main] cache:45 - TemplateLoader.findTemplateSource("spark/partials/head_en.ftl"): Not found
2024-12-10 14:34:32,608 DEBUG [main] cache:45 - TemplateLoader.findTemplateSource("spark/partials/head.ftl"): Found
2024-12-10 14:34:32,608 DEBUG [main] cache:45 - Loading template for "spark/partials/head.ftl"("en_IN", UTF-8, parsed) from "jar:file:/C:/Users/DELL/.m2/repository/com/aventstack/extentreports/5.1.0/extentreports-5.1.0.jar!/com/aventstack/extentreports/templates/spark/partials/head.ftl"
2024-12-10 14:34:32,618 DEBUG [main] cache:45 - Couldn't find template in cache for "commons/commons-inject-css.ftl"("en_IN", UTF-8, parsed); will try to load it.
2024-12-10 14:34:32,618 DEBUG [main] cache:45 - TemplateLoader.findTemplateSource("commons/commons-inject-css_en_IN.ftl"): Not found
2024-12-10 14:34:32,618 DEBUG [main] cache:45 - TemplateLoader.findTemplateSource("commons/commons-inject-css_en.ftl"): Not found
2024-12-10 14:34:32,618 DEBUG [main] cache:45 - TemplateLoader.findTemplateSource("commons/commons-inject-css.ftl"): Found
2024-12-10 14:34:32,618 DEBUG [main] cache:45 - Loading template for "commons/commons-inject-css.ftl"("en_IN", UTF-8, parsed) from "jar:file:/C:/Users/DELL/.m2/repository/com/aventstack/extentreports/5.1.0/extentreports-5.1.0.jar!/com/aventstack/extentreports/templates/commons/commons-inject-css.ftl"
2024-12-10 14:34:32,618 DEBUG [main] cache:45 - Couldn't find template in cache for "spark/partials/navbar.ftl"("en_IN", UTF-8, parsed); will try to load it.
2024-12-10 14:34:32,618 DEBUG [main] cache:45 - TemplateLoader.findTemplateSource("spark/partials/navbar_en_IN.ftl"): Not found
2024-12-10 14:34:32,618 DEBUG [main] cache:45 - TemplateLoader.findTemplateSource("spark/partials/navbar_en.ftl"): Not found
2024-12-10 14:34:32,618 DEBUG [main] cache:45 - TemplateLoader.findTemplateSource("spark/partials/navbar.ftl"): Found
2024-12-10 14:34:32,618 DEBUG [main] cache:45 - Loading template for "spark/partials/navbar.ftl"("en_IN", UTF-8, parsed) from "jar:file:/C:/Users/DELL/.m2/repository/com/aventstack/extentreports/5.1.0/extentreports-5.1.0.jar!/com/aventstack/extentreports/templates/spark/partials/navbar.ftl"
2024-12-10 14:34:32,641 DEBUG [main] cache:45 - Couldn't find template in cache for "spark/partials/sidenav.ftl"("en_IN", UTF-8, parsed); will try to load it.
2024-12-10 14:34:32,641 DEBUG [main] cache:45 - TemplateLoader.findTemplateSource("spark/partials/sidenav_en_IN.ftl"): Not found
2024-12-10 14:34:32,641 DEBUG [main] cache:45 - TemplateLoader.findTemplateSource("spark/partials/sidenav_en.ftl"): Not found
2024-12-10 14:34:32,641 DEBUG [main] cache:45 - TemplateLoader.findTemplateSource("spark/partials/sidenav.ftl"): Found
2024-12-10 14:34:32,641 DEBUG [main] cache:45 - Loading template for "spark/partials/sidenav.ftl"("en_IN", UTF-8, parsed) from "jar:file:/C:/Users/DELL/.m2/repository/com/aventstack/extentreports/5.1.0/extentreports-5.1.0.jar!/com/aventstack/extentreports/templates/spark/partials/sidenav.ftl"
2024-12-10 14:34:32,666 DEBUG [main] cache:45 - Couldn't find template in cache for "spark/partials/test.ftl"("en_IN", UTF-8, parsed); will try to load it.
2024-12-10 14:34:32,666 DEBUG [main] cache:45 - TemplateLoader.findTemplateSource("spark/partials/test_en_IN.ftl"): Not found
2024-12-10 14:34:32,666 DEBUG [main] cache:45 - TemplateLoader.findTemplateSource("spark/partials/test_en.ftl"): Not found
2024-12-10 14:34:32,666 DEBUG [main] cache:45 - TemplateLoader.findTemplateSource("spark/partials/test.ftl"): Found
2024-12-10 14:34:32,666 DEBUG [main] cache:45 - Loading template for "spark/partials/test.ftl"("en_IN", UTF-8, parsed) from "jar:file:/C:/Users/DELL/.m2/repository/com/aventstack/extentreports/5.1.0/extentreports-5.1.0.jar!/com/aventstack/extentreports/templates/spark/partials/test.ftl"
2024-12-10 14:34:32,746 DEBUG [main] cache:45 - Couldn't find template in cache for "spark/partials/standard-content.ftl"("en_IN", UTF-8, parsed); will try to load it.
2024-12-10 14:34:32,746 DEBUG [main] cache:45 - TemplateLoader.findTemplateSource("spark/partials/standard-content_en_IN.ftl"): Not found
2024-12-10 14:34:32,746 DEBUG [main] cache:45 - TemplateLoader.findTemplateSource("spark/partials/standard-content_en.ftl"): Not found
2024-12-10 14:34:32,778 DEBUG [main] cache:45 - TemplateLoader.findTemplateSource("spark/partials/standard-content.ftl"): Found
2024-12-10 14:34:32,778 DEBUG [main] cache:45 - Loading template for "spark/partials/standard-content.ftl"("en_IN", UTF-8, parsed) from "jar:file:/C:/Users/DELL/.m2/repository/com/aventstack/extentreports/5.1.0/extentreports-5.1.0.jar!/com/aventstack/extentreports/templates/spark/partials/standard-content.ftl"
2024-12-10 14:34:32,794 DEBUG [main] cache:45 - "spark/partials/standard-content.ftl"("en_IN", UTF-8, parsed) cached copy not yet stale; using cached.
2024-12-10 14:34:32,794 DEBUG [main] cache:45 - "spark/partials/standard-content.ftl"("en_IN", UTF-8, parsed) cached copy not yet stale; using cached.
2024-12-10 14:34:32,794 DEBUG [main] cache:45 - "spark/partials/standard-content.ftl"("en_IN", UTF-8, parsed) cached copy not yet stale; using cached.
2024-12-10 14:34:32,810 DEBUG [main] cache:45 - "spark/partials/standard-content.ftl"("en_IN", UTF-8, parsed) cached copy not yet stale; using cached.
2024-12-10 14:34:32,810 DEBUG [main] cache:45 - "spark/partials/standard-content.ftl"("en_IN", UTF-8, parsed) cached copy not yet stale; using cached.
2024-12-10 14:34:32,816 DEBUG [main] cache:45 - "spark/partials/standard-content.ftl"("en_IN", UTF-8, parsed) cached copy not yet stale; using cached.
2024-12-10 14:34:32,826 DEBUG [main] cache:45 - "spark/partials/standard-content.ftl"("en_IN", UTF-8, parsed) cached copy not yet stale; using cached.
2024-12-10 14:34:32,826 DEBUG [main] cache:45 - "spark/partials/standard-content.ftl"("en_IN", UTF-8, parsed) cached copy not yet stale; using cached.
2024-12-10 14:34:32,842 DEBUG [main] cache:45 - "spark/partials/standard-content.ftl"("en_IN", UTF-8, parsed) cached copy not yet stale; using cached.
2024-12-10 14:34:32,842 DEBUG [main] cache:45 - "spark/partials/standard-content.ftl"("en_IN", UTF-8, parsed) cached copy not yet stale; using cached.
2024-12-10 14:34:32,842 DEBUG [main] cache:45 - "spark/partials/standard-content.ftl"("en_IN", UTF-8, parsed) cached copy not yet stale; using cached.
2024-12-10 14:34:32,842 DEBUG [main] cache:45 - "spark/partials/standard-content.ftl"("en_IN", UTF-8, parsed) cached copy not yet stale; using cached.
2024-12-10 14:34:32,842 DEBUG [main] cache:45 - "spark/partials/standard-content.ftl"("en_IN", UTF-8, parsed) cached copy not yet stale; using cached.
2024-12-10 14:34:32,842 DEBUG [main] cache:45 - "spark/partials/standard-content.ftl"("en_IN", UTF-8, parsed) cached copy not yet stale; using cached.
2024-12-10 14:34:32,858 DEBUG [main] cache:45 - "spark/partials/standard-content.ftl"("en_IN", UTF-8, parsed) cached copy not yet stale; using cached.
2024-12-10 14:34:32,858 DEBUG [main] cache:45 - Couldn't find template in cache for "spark/partials/exception.ftl"("en_IN", UTF-8, parsed); will try to load it.
2024-12-10 14:34:32,858 DEBUG [main] cache:45 - TemplateLoader.findTemplateSource("spark/partials/exception_en_IN.ftl"): Not found
2024-12-10 14:34:32,858 DEBUG [main] cache:45 - TemplateLoader.findTemplateSource("spark/partials/exception_en.ftl"): Not found
2024-12-10 14:34:32,858 DEBUG [main] cache:45 - TemplateLoader.findTemplateSource("spark/partials/exception.ftl"): Found
2024-12-10 14:34:32,858 DEBUG [main] cache:45 - Loading template for "spark/partials/exception.ftl"("en_IN", UTF-8, parsed) from "jar:file:/C:/Users/DELL/.m2/repository/com/aventstack/extentreports/5.1.0/extentreports-5.1.0.jar!/com/aventstack/extentreports/templates/spark/partials/exception.ftl"
2024-12-10 14:34:32,858 DEBUG [main] cache:45 - Couldn't find template in cache for "spark/partials/category.ftl"("en_IN", UTF-8, parsed); will try to load it.
2024-12-10 14:34:32,858 DEBUG [main] cache:45 - TemplateLoader.findTemplateSource("spark/partials/category_en_IN.ftl"): Not found
2024-12-10 14:34:32,858 DEBUG [main] cache:45 - TemplateLoader.findTemplateSource("spark/partials/category_en.ftl"): Not found
2024-12-10 14:34:32,874 DEBUG [main] cache:45 - TemplateLoader.findTemplateSource("spark/partials/category.ftl"): Found
2024-12-10 14:34:32,874 DEBUG [main] cache:45 - Loading template for "spark/partials/category.ftl"("en_IN", UTF-8, parsed) from "jar:file:/C:/Users/DELL/.m2/repository/com/aventstack/extentreports/5.1.0/extentreports-5.1.0.jar!/com/aventstack/extentreports/templates/spark/partials/category.ftl"
2024-12-10 14:34:32,874 DEBUG [main] cache:45 - Couldn't find template in cache for "spark/partials/device.ftl"("en_IN", UTF-8, parsed); will try to load it.
2024-12-10 14:34:32,874 DEBUG [main] cache:45 - TemplateLoader.findTemplateSource("spark/partials/device_en_IN.ftl"): Not found
2024-12-10 14:34:32,874 DEBUG [main] cache:45 - TemplateLoader.findTemplateSource("spark/partials/device_en.ftl"): Not found
2024-12-10 14:34:32,874 DEBUG [main] cache:45 - TemplateLoader.findTemplateSource("spark/partials/device.ftl"): Found
2024-12-10 14:34:32,874 DEBUG [main] cache:45 - Loading template for "spark/partials/device.ftl"("en_IN", UTF-8, parsed) from "jar:file:/C:/Users/DELL/.m2/repository/com/aventstack/extentreports/5.1.0/extentreports-5.1.0.jar!/com/aventstack/extentreports/templates/spark/partials/device.ftl"
2024-12-10 14:34:32,874 DEBUG [main] cache:45 - Couldn't find template in cache for "spark/partials/author.ftl"("en_IN", UTF-8, parsed); will try to load it.
2024-12-10 14:34:32,874 DEBUG [main] cache:45 - TemplateLoader.findTemplateSource("spark/partials/author_en_IN.ftl"): Not found
2024-12-10 14:34:32,874 DEBUG [main] cache:45 - TemplateLoader.findTemplateSource("spark/partials/author_en.ftl"): Not found
2024-12-10 14:34:32,874 DEBUG [main] cache:45 - TemplateLoader.findTemplateSource("spark/partials/author.ftl"): Found
2024-12-10 14:34:32,890 DEBUG [main] cache:45 - Loading template for "spark/partials/author.ftl"("en_IN", UTF-8, parsed) from "jar:file:/C:/Users/DELL/.m2/repository/com/aventstack/extentreports/5.1.0/extentreports-5.1.0.jar!/com/aventstack/extentreports/templates/spark/partials/author.ftl"
2024-12-10 14:34:32,896 DEBUG [main] cache:45 - Couldn't find template in cache for "spark/partials/log.ftl"("en_IN", UTF-8, parsed); will try to load it.
2024-12-10 14:34:32,898 DEBUG [main] cache:45 - TemplateLoader.findTemplateSource("spark/partials/log_en_IN.ftl"): Not found
2024-12-10 14:34:32,906 DEBUG [main] cache:45 - TemplateLoader.findTemplateSource("spark/partials/log_en.ftl"): Not found
2024-12-10 14:34:32,906 DEBUG [main] cache:45 - TemplateLoader.findTemplateSource("spark/partials/log.ftl"): Found
2024-12-10 14:34:32,906 DEBUG [main] cache:45 - Loading template for "spark/partials/log.ftl"("en_IN", UTF-8, parsed) from "jar:file:/C:/Users/DELL/.m2/repository/com/aventstack/extentreports/5.1.0/extentreports-5.1.0.jar!/com/aventstack/extentreports/templates/spark/partials/log.ftl"
2024-12-10 14:34:32,906 DEBUG [main] cache:45 - Couldn't find template in cache for "spark/partials/dashboard.ftl"("en_IN", UTF-8, parsed); will try to load it.
2024-12-10 14:34:32,906 DEBUG [main] cache:45 - TemplateLoader.findTemplateSource("spark/partials/dashboard_en_IN.ftl"): Not found
2024-12-10 14:34:32,906 DEBUG [main] cache:45 - TemplateLoader.findTemplateSource("spark/partials/dashboard_en.ftl"): Not found
2024-12-10 14:34:32,906 DEBUG [main] cache:45 - TemplateLoader.findTemplateSource("spark/partials/dashboard.ftl"): Found
2024-12-10 14:34:32,906 DEBUG [main] cache:45 - Loading template for "spark/partials/dashboard.ftl"("en_IN", UTF-8, parsed) from "jar:file:/C:/Users/DELL/.m2/repository/com/aventstack/extentreports/5.1.0/extentreports-5.1.0.jar!/com/aventstack/extentreports/templates/spark/partials/dashboard.ftl"
2024-12-10 14:34:33,131 DEBUG [main] cache:45 - Couldn't find template in cache for "spark/partials/scripts.ftl"("en_IN", UTF-8, parsed); will try to load it.
2024-12-10 14:34:33,131 DEBUG [main] cache:45 - TemplateLoader.findTemplateSource("spark/partials/scripts_en_IN.ftl"): Not found
2024-12-10 14:34:33,131 DEBUG [main] cache:45 - TemplateLoader.findTemplateSource("spark/partials/scripts_en.ftl"): Not found
2024-12-10 14:34:33,131 DEBUG [main] cache:45 - TemplateLoader.findTemplateSource("spark/partials/scripts.ftl"): Found
2024-12-10 14:34:33,131 DEBUG [main] cache:45 - Loading template for "spark/partials/scripts.ftl"("en_IN", UTF-8, parsed) from "jar:file:/C:/Users/DELL/.m2/repository/com/aventstack/extentreports/5.1.0/extentreports-5.1.0.jar!/com/aventstack/extentreports/templates/spark/partials/scripts.ftl"
2024-12-10 14:34:33,131 DEBUG [main] cache:45 - Couldn't find template in cache for "commons/commons-inject-js.ftl"("en_IN", UTF-8, parsed); will try to load it.
2024-12-10 14:34:33,147 DEBUG [main] cache:45 - TemplateLoader.findTemplateSource("commons/commons-inject-js_en_IN.ftl"): Not found
2024-12-10 14:34:33,147 DEBUG [main] cache:45 - TemplateLoader.findTemplateSource("commons/commons-inject-js_en.ftl"): Not found
2024-12-10 14:34:33,147 DEBUG [main] cache:45 - TemplateLoader.findTemplateSource("commons/commons-inject-js.ftl"): Found
2024-12-10 14:34:33,147 DEBUG [main] cache:45 - Loading template for "commons/commons-inject-js.ftl"("en_IN", UTF-8, parsed) from "jar:file:/C:/Users/DELL/.m2/repository/com/aventstack/extentreports/5.1.0/extentreports-5.1.0.jar!/com/aventstack/extentreports/templates/commons/commons-inject-js.ftl"
